<?xml version="1.0" encoding="UTF-8"?>
<!-- Generated by org.testng.reporters.JUnitReportReporter -->
<testsuite skipped="0" hostname="IN01N00894" name="main.ActionKeywords" tests="3" failures="0" timestamp="17 Dec 2018 16:42:25 GMT" time="109.057" errors="0">
  <testcase name="timeout" time="5.010" classname="main.ActionKeywords"/>
  <testcase name="testNG" time="0.013" classname="main.ActionKeywords"/>
  <testcase name="CozyDailyRegression" time="104.034" classname="main.ActionKeywords"/>
</testsuite> <!-- main.ActionKeywords -->
