<?xml version="1.0" encoding="UTF-8"?>
<testsuite xmlns:xsi="http://www.w3.org/2001/XMLSchema-instance" xsi:noNamespaceSchemaLocation="https://maven.apache.org/surefire/maven-surefire-plugin/xsd/surefire-test-report-3.0.xsd" version="3.0" name="TestSuite" time="195.698" tests="1" errors="0" skipped="0" failures="1">
  <properties>
    <property name="sun.desktop" value="windows"/>
    <property name="awt.toolkit" value="sun.awt.windows.WToolkit"/>
    <property name="file.encoding.pkg" value="sun.io"/>
    <property name="java.specification.version" value="1.8"/>
    <property name="sun.cpu.isalist" value="amd64"/>
    <property name="sun.jnu.encoding" value="Cp1252"/>
    <property name="java.class.path" value="C:\Users\vkolla\Documents\Sprint 24\cozy\target\test-classes;C:\Users\vkolla\Documents\Sprint 24\cozy\target\classes;C:\Users\vkolla\.m2\repository\org\seleniumhq\selenium\selenium-firefox-driver\3.141.59\selenium-firefox-driver-3.141.59.jar;C:\Users\vkolla\.m2\repository\org\seleniumhq\selenium\selenium-api\3.141.59\selenium-api-3.141.59.jar;C:\Users\vkolla\.m2\repository\org\seleniumhq\selenium\selenium-remote-driver\3.141.59\selenium-remote-driver-3.141.59.jar;C:\Users\vkolla\.m2\repository\net\bytebuddy\byte-buddy\1.8.15\byte-buddy-1.8.15.jar;C:\Users\vkolla\.m2\repository\org\apache\commons\commons-exec\1.3\commons-exec-1.3.jar;C:\Users\vkolla\.m2\repository\com\google\guava\guava\25.0-jre\guava-25.0-jre.jar;C:\Users\vkolla\.m2\repository\com\google\code\findbugs\jsr305\1.3.9\jsr305-1.3.9.jar;C:\Users\vkolla\.m2\repository\org\checkerframework\checker-compat-qual\2.0.0\checker-compat-qual-2.0.0.jar;C:\Users\vkolla\.m2\repository\com\google\errorprone\error_prone_annotations\2.1.3\error_prone_annotations-2.1.3.jar;C:\Users\vkolla\.m2\repository\com\google\j2objc\j2objc-annotations\1.1\j2objc-annotations-1.1.jar;C:\Users\vkolla\.m2\repository\org\codehaus\mojo\animal-sniffer-annotations\1.14\animal-sniffer-annotations-1.14.jar;C:\Users\vkolla\.m2\repository\com\squareup\okhttp3\okhttp\3.11.0\okhttp-3.11.0.jar;C:\Users\vkolla\.m2\repository\com\squareup\okio\okio\1.14.0\okio-1.14.0.jar;C:\Users\vkolla\.m2\repository\org\seleniumhq\selenium\selenium-java\3.141.59\selenium-java-3.141.59.jar;C:\Users\vkolla\.m2\repository\org\seleniumhq\selenium\selenium-chrome-driver\3.141.59\selenium-chrome-driver-3.141.59.jar;C:\Users\vkolla\.m2\repository\org\seleniumhq\selenium\selenium-edge-driver\3.141.59\selenium-edge-driver-3.141.59.jar;C:\Users\vkolla\.m2\repository\org\seleniumhq\selenium\selenium-ie-driver\3.141.59\selenium-ie-driver-3.141.59.jar;C:\Users\vkolla\.m2\repository\org\seleniumhq\selenium\selenium-opera-driver\3.141.59\selenium-opera-driver-3.141.59.jar;C:\Users\vkolla\.m2\repository\org\seleniumhq\selenium\selenium-safari-driver\3.141.59\selenium-safari-driver-3.141.59.jar;C:\Users\vkolla\.m2\repository\org\seleniumhq\selenium\selenium-support\3.141.59\selenium-support-3.141.59.jar;C:\Users\vkolla\.m2\repository\commons-io\commons-io\1.3.2\commons-io-1.3.2.jar;C:\Users\vkolla\.m2\repository\com\googlecode\json-simple\json-simple\1.1.1\json-simple-1.1.1.jar;C:\Users\vkolla\.m2\repository\junit\junit\4.12\junit-4.12.jar;C:\Users\vkolla\.m2\repository\org\hamcrest\hamcrest-core\1.3\hamcrest-core-1.3.jar;C:\Users\vkolla\.m2\repository\com\sikulix\sikulixapi\1.1.0\sikulixapi-1.1.0.jar;C:\Users\vkolla\.m2\repository\commons-cli\commons-cli\1.2\commons-cli-1.2.jar;C:\Users\vkolla\.m2\repository\com\melloware\jintellitype\1.3.7\jintellitype-1.3.7.jar;C:\Users\vkolla\.m2\repository\jxgrabkey\jxgrabkey\1.0\jxgrabkey-1.0.jar;C:\Users\vkolla\.m2\repository\org\swinglabs\swing-layout\1.0.3\swing-layout-1.0.3.jar;C:\Users\vkolla\.m2\repository\com\nativelibs4java\bridj\0.6.2\bridj-0.6.2.jar;C:\Users\vkolla\.m2\repository\com\sikulix\sikulixlibswin\1.1.0\sikulixlibswin-1.1.0.jar;C:\Users\vkolla\.m2\repository\ru\yandex\qatools\ashot\ashot\1.5.3\ashot-1.5.3.jar;C:\Users\vkolla\.m2\repository\com\google\code\gson\gson\2.6.2\gson-2.6.2.jar;C:\Users\vkolla\.m2\repository\com\googlecode\lambdaj\lambdaj\2.3.3\lambdaj-2.3.3.jar;C:\Users\vkolla\.m2\repository\org\hamcrest\hamcrest-all\1.1\hamcrest-all-1.1.jar;C:\Users\vkolla\.m2\repository\org\objenesis\objenesis\1.2\objenesis-1.2.jar;C:\Users\vkolla\.m2\repository\cglib\cglib-nodep\2.2\cglib-nodep-2.2.jar;C:\Users\vkolla\.m2\repository\org\apache\commons\commons-text\1.3\commons-text-1.3.jar;C:\Users\vkolla\.m2\repository\org\apache\commons\commons-lang3\3.7\commons-lang3-3.7.jar;C:\Users\vkolla\.m2\repository\com\jcraft\jsch\0.1.55\jsch-0.1.55.jar;C:\Users\vkolla\.m2\repository\org\apache\httpcomponents\httpcore\4.0-alpha6\httpcore-4.0-alpha6.jar;C:\Users\vkolla\.m2\repository\org\apache\poi\poi\3.10-FINAL\poi-3.10-FINAL.jar;C:\Users\vkolla\.m2\repository\commons-codec\commons-codec\1.5\commons-codec-1.5.jar;C:\Users\vkolla\.m2\repository\com\sun\mail\javax.mail\1.6.2\javax.mail-1.6.2.jar;C:\Users\vkolla\.m2\repository\javax\activation\activation\1.1\activation-1.1.jar;C:\Users\vkolla\.m2\repository\org\apache\poi\poi-ooxml\3.9\poi-ooxml-3.9.jar;C:\Users\vkolla\.m2\repository\org\apache\poi\poi-ooxml-schemas\3.9\poi-ooxml-schemas-3.9.jar;C:\Users\vkolla\.m2\repository\org\apache\xmlbeans\xmlbeans\2.3.0\xmlbeans-2.3.0.jar;C:\Users\vkolla\.m2\repository\stax\stax-api\1.0.1\stax-api-1.0.1.jar;C:\Users\vkolla\.m2\repository\dom4j\dom4j\1.6.1\dom4j-1.6.1.jar;C:\Users\vkolla\.m2\repository\xml-apis\xml-apis\1.0.b2\xml-apis-1.0.b2.jar;C:\Users\vkolla\.m2\repository\org\apache\poi\poi-scratchpad\3.0.1-FINAL\poi-scratchpad-3.0.1-FINAL.jar;C:\Users\vkolla\.m2\repository\commons-logging\commons-logging\1.1\commons-logging-1.1.jar;C:\Users\vkolla\.m2\repository\log4j\log4j\1.2.13\log4j-1.2.13.jar;C:\Users\vkolla\.m2\repository\org\testng\testng\6.8\testng-6.8.jar;C:\Users\vkolla\.m2\repository\org\beanshell\bsh\2.0b4\bsh-2.0b4.jar;C:\Users\vkolla\.m2\repository\com\beust\jcommander\1.27\jcommander-1.27.jar;C:\Users\vkolla\.m2\repository\org\yaml\snakeyaml\1.6\snakeyaml-1.6.jar;"/>
    <property name="java.vm.vendor" value="Oracle Corporation"/>
    <property name="sun.arch.data.model" value="64"/>
    <property name="user.variant" value=""/>
    <property name="java.vendor.url" value="http://java.oracle.com/"/>
    <property name="user.timezone" value="Asia/Calcutta"/>
    <property name="java.vm.specification.version" value="1.8"/>
    <property name="os.name" value="Windows 10"/>
    <property name="user.country" value="US"/>
    <property name="sun.java.launcher" value="SUN_STANDARD"/>
    <property name="sun.boot.library.path" value="C:\Program Files\Java\jdk1.8.0_151\jre\bin"/>
    <property name="sun.java.command" value="C:\Users\vkolla\AppData\Local\Temp\surefire6181240094730970488\surefirebooter4728467738193769259.jar C:\Users\vkolla\AppData\Local\Temp\surefire6181240094730970488 2018-12-18T15-15-21_309-jvmRun1 surefire2783860414100816479tmp surefire_06110516673940005521tmp"/>
    <property name="surefire.test.class.path" value="C:\Users\vkolla\Documents\Sprint 24\cozy\target\test-classes;C:\Users\vkolla\Documents\Sprint 24\cozy\target\classes;C:\Users\vkolla\.m2\repository\org\seleniumhq\selenium\selenium-firefox-driver\3.141.59\selenium-firefox-driver-3.141.59.jar;C:\Users\vkolla\.m2\repository\org\seleniumhq\selenium\selenium-api\3.141.59\selenium-api-3.141.59.jar;C:\Users\vkolla\.m2\repository\org\seleniumhq\selenium\selenium-remote-driver\3.141.59\selenium-remote-driver-3.141.59.jar;C:\Users\vkolla\.m2\repository\net\bytebuddy\byte-buddy\1.8.15\byte-buddy-1.8.15.jar;C:\Users\vkolla\.m2\repository\org\apache\commons\commons-exec\1.3\commons-exec-1.3.jar;C:\Users\vkolla\.m2\repository\com\google\guava\guava\25.0-jre\guava-25.0-jre.jar;C:\Users\vkolla\.m2\repository\com\google\code\findbugs\jsr305\1.3.9\jsr305-1.3.9.jar;C:\Users\vkolla\.m2\repository\org\checkerframework\checker-compat-qual\2.0.0\checker-compat-qual-2.0.0.jar;C:\Users\vkolla\.m2\repository\com\google\errorprone\error_prone_annotations\2.1.3\error_prone_annotations-2.1.3.jar;C:\Users\vkolla\.m2\repository\com\google\j2objc\j2objc-annotations\1.1\j2objc-annotations-1.1.jar;C:\Users\vkolla\.m2\repository\org\codehaus\mojo\animal-sniffer-annotations\1.14\animal-sniffer-annotations-1.14.jar;C:\Users\vkolla\.m2\repository\com\squareup\okhttp3\okhttp\3.11.0\okhttp-3.11.0.jar;C:\Users\vkolla\.m2\repository\com\squareup\okio\okio\1.14.0\okio-1.14.0.jar;C:\Users\vkolla\.m2\repository\org\seleniumhq\selenium\selenium-java\3.141.59\selenium-java-3.141.59.jar;C:\Users\vkolla\.m2\repository\org\seleniumhq\selenium\selenium-chrome-driver\3.141.59\selenium-chrome-driver-3.141.59.jar;C:\Users\vkolla\.m2\repository\org\seleniumhq\selenium\selenium-edge-driver\3.141.59\selenium-edge-driver-3.141.59.jar;C:\Users\vkolla\.m2\repository\org\seleniumhq\selenium\selenium-ie-driver\3.141.59\selenium-ie-driver-3.141.59.jar;C:\Users\vkolla\.m2\repository\org\seleniumhq\selenium\selenium-opera-driver\3.141.59\selenium-opera-driver-3.141.59.jar;C:\Users\vkolla\.m2\repository\org\seleniumhq\selenium\selenium-safari-driver\3.141.59\selenium-safari-driver-3.141.59.jar;C:\Users\vkolla\.m2\repository\org\seleniumhq\selenium\selenium-support\3.141.59\selenium-support-3.141.59.jar;C:\Users\vkolla\.m2\repository\commons-io\commons-io\1.3.2\commons-io-1.3.2.jar;C:\Users\vkolla\.m2\repository\com\googlecode\json-simple\json-simple\1.1.1\json-simple-1.1.1.jar;C:\Users\vkolla\.m2\repository\junit\junit\4.12\junit-4.12.jar;C:\Users\vkolla\.m2\repository\org\hamcrest\hamcrest-core\1.3\hamcrest-core-1.3.jar;C:\Users\vkolla\.m2\repository\com\sikulix\sikulixapi\1.1.0\sikulixapi-1.1.0.jar;C:\Users\vkolla\.m2\repository\commons-cli\commons-cli\1.2\commons-cli-1.2.jar;C:\Users\vkolla\.m2\repository\com\melloware\jintellitype\1.3.7\jintellitype-1.3.7.jar;C:\Users\vkolla\.m2\repository\jxgrabkey\jxgrabkey\1.0\jxgrabkey-1.0.jar;C:\Users\vkolla\.m2\repository\org\swinglabs\swing-layout\1.0.3\swing-layout-1.0.3.jar;C:\Users\vkolla\.m2\repository\com\nativelibs4java\bridj\0.6.2\bridj-0.6.2.jar;C:\Users\vkolla\.m2\repository\com\sikulix\sikulixlibswin\1.1.0\sikulixlibswin-1.1.0.jar;C:\Users\vkolla\.m2\repository\ru\yandex\qatools\ashot\ashot\1.5.3\ashot-1.5.3.jar;C:\Users\vkolla\.m2\repository\com\google\code\gson\gson\2.6.2\gson-2.6.2.jar;C:\Users\vkolla\.m2\repository\com\googlecode\lambdaj\lambdaj\2.3.3\lambdaj-2.3.3.jar;C:\Users\vkolla\.m2\repository\org\hamcrest\hamcrest-all\1.1\hamcrest-all-1.1.jar;C:\Users\vkolla\.m2\repository\org\objenesis\objenesis\1.2\objenesis-1.2.jar;C:\Users\vkolla\.m2\repository\cglib\cglib-nodep\2.2\cglib-nodep-2.2.jar;C:\Users\vkolla\.m2\repository\org\apache\commons\commons-text\1.3\commons-text-1.3.jar;C:\Users\vkolla\.m2\repository\org\apache\commons\commons-lang3\3.7\commons-lang3-3.7.jar;C:\Users\vkolla\.m2\repository\com\jcraft\jsch\0.1.55\jsch-0.1.55.jar;C:\Users\vkolla\.m2\repository\org\apache\httpcomponents\httpcore\4.0-alpha6\httpcore-4.0-alpha6.jar;C:\Users\vkolla\.m2\repository\org\apache\poi\poi\3.10-FINAL\poi-3.10-FINAL.jar;C:\Users\vkolla\.m2\repository\commons-codec\commons-codec\1.5\commons-codec-1.5.jar;C:\Users\vkolla\.m2\repository\com\sun\mail\javax.mail\1.6.2\javax.mail-1.6.2.jar;C:\Users\vkolla\.m2\repository\javax\activation\activation\1.1\activation-1.1.jar;C:\Users\vkolla\.m2\repository\org\apache\poi\poi-ooxml\3.9\poi-ooxml-3.9.jar;C:\Users\vkolla\.m2\repository\org\apache\poi\poi-ooxml-schemas\3.9\poi-ooxml-schemas-3.9.jar;C:\Users\vkolla\.m2\repository\org\apache\xmlbeans\xmlbeans\2.3.0\xmlbeans-2.3.0.jar;C:\Users\vkolla\.m2\repository\stax\stax-api\1.0.1\stax-api-1.0.1.jar;C:\Users\vkolla\.m2\repository\dom4j\dom4j\1.6.1\dom4j-1.6.1.jar;C:\Users\vkolla\.m2\repository\xml-apis\xml-apis\1.0.b2\xml-apis-1.0.b2.jar;C:\Users\vkolla\.m2\repository\org\apache\poi\poi-scratchpad\3.0.1-FINAL\poi-scratchpad-3.0.1-FINAL.jar;C:\Users\vkolla\.m2\repository\commons-logging\commons-logging\1.1\commons-logging-1.1.jar;C:\Users\vkolla\.m2\repository\log4j\log4j\1.2.13\log4j-1.2.13.jar;C:\Users\vkolla\.m2\repository\org\testng\testng\6.8\testng-6.8.jar;C:\Users\vkolla\.m2\repository\org\beanshell\bsh\2.0b4\bsh-2.0b4.jar;C:\Users\vkolla\.m2\repository\com\beust\jcommander\1.27\jcommander-1.27.jar;C:\Users\vkolla\.m2\repository\org\yaml\snakeyaml\1.6\snakeyaml-1.6.jar;"/>
    <property name="sun.cpu.endian" value="little"/>
    <property name="user.home" value="C:\Users\vkolla"/>
    <property name="user.language" value="en"/>
    <property name="java.specification.vendor" value="Oracle Corporation"/>
    <property name="java.home" value="C:\Program Files\Java\jdk1.8.0_151\jre"/>
    <property name="basedir" value="C:\Users\vkolla\Documents\Sprint 24\cozy"/>
    <property name="file.separator" value="\"/>
    <property name="line.separator" value="&#10;"/>
    <property name="java.vm.specification.vendor" value="Oracle Corporation"/>
    <property name="java.specification.name" value="Java Platform API Specification"/>
    <property name="java.awt.graphicsenv" value="sun.awt.Win32GraphicsEnvironment"/>
    <property name="surefire.real.class.path" value="C:\Users\vkolla\AppData\Local\Temp\surefire6181240094730970488\surefirebooter4728467738193769259.jar"/>
    <property name="sun.boot.class.path" value="C:\Program Files\Java\jdk1.8.0_151\jre\lib\resources.jar;C:\Program Files\Java\jdk1.8.0_151\jre\lib\rt.jar;C:\Program Files\Java\jdk1.8.0_151\jre\lib\sunrsasign.jar;C:\Program Files\Java\jdk1.8.0_151\jre\lib\jsse.jar;C:\Program Files\Java\jdk1.8.0_151\jre\lib\jce.jar;C:\Program Files\Java\jdk1.8.0_151\jre\lib\charsets.jar;C:\Program Files\Java\jdk1.8.0_151\jre\lib\jfr.jar;C:\Program Files\Java\jdk1.8.0_151\jre\classes"/>
    <property name="user.script" value=""/>
    <property name="sun.management.compiler" value="HotSpot 64-Bit Tiered Compilers"/>
    <property name="java.runtime.version" value="1.8.0_151-b12"/>
    <property name="user.name" value="vkolla"/>
    <property name="path.separator" value=";"/>
    <property name="os.version" value="10.0"/>
    <property name="java.endorsed.dirs" value="C:\Program Files\Java\jdk1.8.0_151\jre\lib\endorsed"/>
    <property name="java.runtime.name" value="Java(TM) SE Runtime Environment"/>
    <property name="file.encoding" value="Cp1252"/>
    <property name="java.vm.name" value="Java HotSpot(TM) 64-Bit Server VM"/>
    <property name="localRepository" value="C:\Users\vkolla\.m2\repository"/>
    <property name="java.vendor.url.bug" value="http://bugreport.sun.com/bugreport/"/>
    <property name="java.io.tmpdir" value="C:\Users\vkolla\AppData\Local\Temp\"/>
    <property name="java.version" value="1.8.0_151"/>
    <property name="user.dir" value="C:\Users\vkolla\Documents\Sprint 24\cozy"/>
    <property name="os.arch" value="amd64"/>
    <property name="java.vm.specification.name" value="Java Virtual Machine Specification"/>
    <property name="java.awt.printerjob" value="sun.awt.windows.WPrinterJob"/>
    <property name="sun.os.patch.level" value=""/>
    <property name="java.library.path" value="C:\Program Files\Java\jdk1.8.0_151\jre\bin;C:\WINDOWS\Sun\Java\bin;C:\WINDOWS\system32;C:\WINDOWS;C:\Users\vkolla\apache-maven-3.5.4/bin;C:\Program Files\Java\jdk1.8.0_151/bin;C:\Program Files\Java\jdk1.8.0_151/bin;C:\Program Files (x86)\Intel\iCLS Client\;C:\Program Files\Intel\iCLS Client\;C:\Program Files (x86)\RSA SecurID Token Common;C:\Program Files\RSA SecurID Token Common;C:\Program Files\Java\jdk1.8.0_151\bin\;C:\ProgramData\Oracle\Java\javapath;C:\WINDOWS\system32;C:\WINDOWS;C:\WINDOWS\System32\Wbem;C:\WINDOWS\System32\WindowsPowerShell\v1.0\;C:\Program Files (x86)\Skype\Phone\;C:\Program Files\PuTTY\;C:\Program Files (x86)\Intel\Intel(R) Management Engine Components\DAL;C:\Program Files\Intel\Intel(R) Management Engine Components\DAL;C:\Program Files (x86)\Intel\Intel(R) Management Engine Components\IPT;C:\Program Files\Intel\Intel(R) Management Engine Components\IPT;C:\Program Files\Intel\WiFi\bin\;C:\Program Files\Common Files\Intel\WirelessCommon\;C:\Program Files\nodejs\;C:\Users\vkolla\apache-maven-3.5.4\bin\;C:\Users\vkolla\AppData\Local\Microsoft\WindowsApps;C:\Users\vkolla\AppData\Local\GitHubDesktop\bin;C:\Users\vkolla\AppData\Roaming\npm;."/>
    <property name="java.vm.info" value="mixed mode"/>
    <property name="java.vendor" value="Oracle Corporation"/>
    <property name="java.vm.version" value="25.151-b12"/>
    <property name="java.ext.dirs" value="C:\Program Files\Java\jdk1.8.0_151\jre\lib\ext;C:\WINDOWS\Sun\Java\lib\ext"/>
    <property name="sun.io.unicode.encoding" value="UnicodeLittle"/>
    <property name="java.class.version" value="52.0"/>
  </properties>
  <testcase name="CozyDailyRegression" classname="main.ActionKeywords" time="193.34">
    <failure type="java.lang.reflect.InvocationTargetException">java.lang.reflect.InvocationTargetException
	at main.ActionKeywords.CozyDailyRegression(ActionKeywords.java:2611)
Caused by: org.openqa.selenium.NoSuchWindowException: 
no such window: window was already closed
  (Session info: chrome=71.0.3578.98)
  (Driver info: chromedriver=2.43.600210 (68dcf5eebde37173d4027fa8635e332711d2874a),platform=Windows NT 10.0.16299 x86_64) (WARNING: The server did not provide any stacktrace information)
Command duration or timeout: 0 milliseconds
Build info: version: '3.141.59', revision: 'e82be7d358', time: '2018-11-14T08:17:03'
System info: host: 'IN01N00894', ip: '10.51.8.99', os.name: 'Windows 10', os.arch: 'amd64', os.version: '10.0', java.version: '1.8.0_151'
Driver info: org.openqa.selenium.chrome.ChromeDriver
Capabilities {acceptInsecureCerts: false, acceptSslCerts: false, applicationCacheEnabled: false, browserConnectionEnabled: false, browserName: chrome, chrome: {chromedriverVersion: 2.43.600210 (68dcf5eebde371..., userDataDir: C:\Users\vkolla\AppData\Loc...}, cssSelectorsEnabled: true, databaseEnabled: false, goog:chromeOptions: {debuggerAddress: localhost:55979}, handlesAlerts: true, hasTouchScreen: false, javascriptEnabled: true, locationContextEnabled: true, mobileEmulationEnabled: false, nativeEvents: true, networkConnectionEnabled: false, pageLoadStrategy: normal, platform: XP, platformName: XP, rotatable: false, setWindowRect: true, takesHeapSnapshot: true, takesScreenshot: true, unexpectedAlertBehaviour: , unhandledPromptBehavior: , version: 71.0.3578.98, webStorageEnabled: true}
Session ID: 3c223dd724cb54f995bc751b712160cf
	at main.ActionKeywords.getLabel(ActionKeywords.java:1331)
	at main.ActionKeywords.purchaseBingoTickets(ActionKeywords.java:6742)
	at main.ActionKeywords.CozyDailyRegression(ActionKeywords.java:2611)
</failure>
    <system-out><![CDATA[Before Suite
Row count is 31
[RegisterBetaDeposit, testDeposit, validateDepositHistoryLogs, launchBingoRoom, purchaseBingoTickets, ValidateBingoGameLogs, LaunchSlotsGame, ValidateSlotsGameLogs, LaunchCasinoGame, ValidateCasinoGameLogs, LaunchInstantGame, ValidateInstantGameLogs, withdrawCash, validateWithDrawHistory, ValidateReconcileReport, RegisterBetaDeposit, testDeposit, validateDepositHistoryLogs, launchBingoRoom, purchaseBingoTickets, ValidateBingoGameLogs, LaunchSlotsGame, ValidateSlotsGameLogs, LaunchCasinoGame, ValidateCasinoGameLogs, LaunchInstantGame, ValidateInstantGameLogs, withdrawCash, validateWithDrawHistory, ValidateReconcileReport]
[https://www.velvetbingo.com, 25, , Big Ben, 2, Big Ben, Gas Money, Gas Money, Jacks or Better, Jacks or Better, Diamond Deal, Diamond Deal, 10, , , https://www.luckypuppybingo.com, 25, , Victoria 90, 2, Victoria 90, Starburst, Starburst, Deuces Wild, Deuces Wild, Bargainista, Bargainista, 5, , ]
[Yes, Yes, Yes, Yes, Yes, Yes, Yes, Yes, Yes, Yes, Yes, Yes, Yes, Yes, Yes, Yes, Yes, Yes, Yes, Yes, Yes, Yes, Yes, Yes, Yes, Yes, Yes, Yes, Yes, Yes]
[1, 2, 3, 4, 5, 6, 7, 8, 9, 10, 11, 12, 13, 14, 15, 16, 17, 18, 19, 20, 21, 22, 23, 24, 25, 26, 27, 28, 29, 30]
Cashcade URLs on Live environment are
http://bingo.cheekybingo.com/en/bingo
http://casino.cheekybingo.com/en/casino
http://promo.cheekybingo.com/en/promo/lobby
15
https://www.velvetbingo.comPage load time 17246 in milli seconds and 17 in seconds
Page load time 17250 in milli seconds and 17.25 in float seconds
VT8BGCZ
8BG
https://www.velvetbingo.com
true
Registration successful
ashton26730 has been successfully registered.
https://www.velvetbingo.com/user/139317
139317
VT8BGCZ
Logging things
Entered test Deposit method...
{"jsonrpc":"2.0","id":"2","method":"wallet.get_balance","params":["Vuu7voubiPh6iNo3","1cfb46aa011942849324228f658e9f85",710644]}

Sending 'POST' request to URL : 
Post parameters : {"jsonrpc":"2.0","id":"2","method":"wallet.get_balance","params":["Vuu7voubiPh6iNo3","1cfb46aa011942849324228f658e9f85",710644]}
Response Code : 200
Wallet API Response for [wallet.get_balance] is: {"jsonrpc": "2.0", "id": "2", "result": {"wallet_balance": {"Bonus": 0, "Cash_GBP": 0.0}, "winnings_wagered_amount": {}, "won_amount": {}, "wagered_amount": {}, "released_amount": {}}}
0.0
0.0
0.0
0.0
{"jsonrpc":"2.0","id":"2","method":"wallet.get_balance","params":["Vuu7voubiPh6iNo3","1cfb46aa011942849324228f658e9f85",710644]}

Sending 'POST' request to URL : 
Post parameters : {"jsonrpc":"2.0","id":"2","method":"wallet.get_balance","params":["Vuu7voubiPh6iNo3","1cfb46aa011942849324228f658e9f85",710644]}
Response Code : 200
Wallet API Response for [wallet.get_balance] is: {"jsonrpc": "2.0", "id": "2", "result": {"wallet_balance": {"Bonus": 0, "Cash_GBP": 0.0}, "winnings_wagered_amount": {}, "won_amount": {}, "wagered_amount": {}, "released_amount": {}}}
0.0
0.0
0.0
25Deposited 25 pounds for player
Found the deposit success message's parent
Response code is
404
Logging things
Response code is
404
Logging things
{"jsonrpc":"2.0","id":"2","method":"wallet.get_balance","params":["Vuu7voubiPh6iNo3","1cfb46aa011942849324228f658e9f85",710644]}

Sending 'POST' request to URL : 
Post parameters : {"jsonrpc":"2.0","id":"2","method":"wallet.get_balance","params":["Vuu7voubiPh6iNo3","1cfb46aa011942849324228f658e9f85",710644]}
Response Code : 200
Wallet API Response for [wallet.get_balance] is: {"jsonrpc": "2.0", "id": "2", "result": {"wallet_balance": {"Bonus": 0, "Cash_GBP": 25.0, "Bonus_GBP": 12.5, "WheelSpin_OnLogin": 1.0}, "winnings_wagered_amount": {}, "won_amount": {}, "wagered_amount": {"Bonus_GBP": 0.0, "WheelSpin_OnLogin": 0.0}, "released_amount": {"Bonus_GBP": 0.0, "WheelSpin_OnLogin": 0.0}}}
0.0
0.0
0.0
Wallet Balance Cash_GBP value is: 0.0
Response code for https://www.velvetbingo.com/play-bingo-online is404
trying else...
Response code for https://www.velvetbingo.com/bingo-games is200
Navigated to bingo lobby dinchak
NUMBER OF ROWS IN THIS TABLE = 7
NUMBER OF COLUMNS=0
NUMBER OF COLUMNS=7
row # 2, col # 1text=big ben 90 ball bingo
big ben 90 ball bingo bigben
row # 2, col # 2text=65
row # 2, col # 3text=£0.05
row # 2, col # 4text=£25.00
row # 2, col # 5text=Grand PJP
£511.13
row # 2, col # 6text=00:06
row # 2, col # 7text=PREBUY
NUMBER OF COLUMNS=7
row # 3, col # 1text=victoria 90 90 ball bingo
victoria 90 90 ball bingo bigben
row # 3, col # 2text=43
row # 3, col # 3text=£0.01
row # 3, col # 4text=£3.47
row # 3, col # 5text=Show Ball PJP
£1000.00
row # 3, col # 6text=00:05
row # 3, col # 7text=PREBUY
NUMBER OF COLUMNS=7
row # 4, col # 1text=down town 80 ball bingo
down town 80 ball bingo bigben
row # 4, col # 2text=35
row # 4, col # 3text=£0.05
row # 4, col # 4text=£3.96
row # 4, col # 5text=Grandeur PJP
£510.43
row # 4, col # 6text=STARTED
row # 4, col # 7text=PREBUY
NUMBER OF COLUMNS=7
row # 5, col # 1text=city hall 30 ball bingo
city hall 30 ball bingo bigben
row # 5, col # 2text=44
row # 5, col # 3text=£0.02
row # 5, col # 4text=£2.00
row # 5, col # 5text=Speed PJP
£50.00
row # 5, col # 6text=01:13:04
row # 5, col # 7text=PREBUY
NUMBER OF COLUMNS=7
row # 6, col # 1text=devoted dabbers 75 ball bingo
devoted dabbers 75 ball bingo bigben
row # 6, col # 2text=37
row # 6, col # 3text=£0.05
row # 6, col # 4text=£4.00
row # 6, col # 5text=Devoted Dabber
£600.00
row # 6, col # 6text=STARTED
row # 6, col # 7text=PREBUY
NUMBER OF COLUMNS=7
row # 7, col # 1text=hump day room 90 ball bingo
hump day room 90 ball bingo bigben
row # 7, col # 2text=328
row # 7, col # 3text=£0.05
row # 7, col # 4text=£400.00
row # 7, col # 5text=
row # 7, col # 6text=1:11:12:04
row # 7, col # 7text=
Launched Big Ben bingo room successfully.
[error] RobotDesktop: checkMousePosition: should be L(-960,540)@S(1)[-1920,0 1920x1080]
but after move is L(-1441,539)@S(1)[-1920,0 1920x1080]
Possible cause in case you did not touch the mouse while script was running:
 Mouse actions are blocked generally or by the frontmost application.
You might try to run the SikuliX stuff as admin.
[log] CLICK on L(658,378)@S(0)[0,0 1920x1080]
Unable to launch Bingo Room
]]></system-out>
    <system-err><![CDATA[Starting ChromeDriver 2.43.600210 (68dcf5eebde37173d4027fa8635e332711d2874a) on port 22497
Only local connections are allowed.
Dec 18, 2018 3:15:35 PM org.openqa.selenium.remote.ProtocolHandshake createSession
INFO: Detected dialect: OSS
log4j:WARN No appenders could be found for logger (utility.Log).
log4j:WARN Please initialize the log4j system properly.
Dec 18, 2018 3:15:54 PM org.openqa.selenium.remote.Augmenter extractRemoteWebDriver
WARNING: Augmenter should be applied to the instances of @Augmentable classes or previously augmented instances only (instance class was: class org.openqa.selenium.chrome.ChromeDriver)
Dec 18, 2018 3:15:55 PM org.openqa.selenium.remote.Augmenter extractRemoteWebDriver
WARNING: Augmenter should be applied to the instances of @Augmentable classes or previously augmented instances only (instance class was: class org.openqa.selenium.chrome.ChromeDriver)
Dec 18, 2018 3:16:04 PM org.openqa.selenium.remote.Augmenter extractRemoteWebDriver
WARNING: Augmenter should be applied to the instances of @Augmentable classes or previously augmented instances only (instance class was: class org.openqa.selenium.chrome.ChromeDriver)
Dec 18, 2018 3:16:16 PM org.openqa.selenium.remote.Augmenter extractRemoteWebDriver
WARNING: Augmenter should be applied to the instances of @Augmentable classes or previously augmented instances only (instance class was: class org.openqa.selenium.chrome.ChromeDriver)
Dec 18, 2018 3:16:17 PM org.openqa.selenium.remote.Augmenter extractRemoteWebDriver
WARNING: Augmenter should be applied to the instances of @Augmentable classes or previously augmented instances only (instance class was: class org.openqa.selenium.chrome.ChromeDriver)
1545126381322	geckodriver	INFO	geckodriver 0.19.1
1545126381330	geckodriver	INFO	Listening on 127.0.0.1:28622
1545126381914	mozrunner::runner	INFO	Running command: "C:\\Program Files (x86)\\Mozilla Firefox\\firefox.exe" "-marionette" "-profile" "C:\\Users\\vkolla\\AppData\\Local\\Temp\\rust_mozprofile.uKojBx9WUtGh"
Unable to read VR Path Registry from C:\Users\vkolla\AppData\Local\openvr\openvrpaths.vrpath
1545126382436	Marionette	INFO	Enabled via --marionette
Unable to read VR Path Registry from C:\Users\vkolla\AppData\Local\openvr\openvrpaths.vrpath
Unable to read VR Path Registry from C:\Users\vkolla\AppData\Local\openvr\openvrpaths.vrpath
Unable to read VR Path Registry from C:\Users\vkolla\AppData\Local\openvr\openvrpaths.vrpath
Unable to read VR Path Registry from C:\Users\vkolla\AppData\Local\openvr\openvrpaths.vrpath
1545126383910	Marionette	INFO	Listening on port 56158
1545126384080	Marionette	WARN	TLS certificate errors will be ignored for this session
Dec 18, 2018 3:16:24 PM org.openqa.selenium.remote.ProtocolHandshake createSession
INFO: Detected dialect: W3C
Dec 18, 2018 3:16:48 PM org.openqa.selenium.remote.Augmenter extractRemoteWebDriver
WARNING: Augmenter should be applied to the instances of @Augmentable classes or previously augmented instances only (instance class was: class org.openqa.selenium.chrome.ChromeDriver)
Dec 18, 2018 3:16:53 PM org.openqa.selenium.remote.Augmenter extractRemoteWebDriver
WARNING: Augmenter should be applied to the instances of @Augmentable classes or previously augmented instances only (instance class was: class org.openqa.selenium.chrome.ChromeDriver)
Dec 18, 2018 3:17:01 PM org.openqa.selenium.remote.Augmenter extractRemoteWebDriver
WARNING: Augmenter should be applied to the instances of @Augmentable classes or previously augmented instances only (instance class was: class org.openqa.selenium.chrome.ChromeDriver)
Dec 18, 2018 3:17:11 PM org.openqa.selenium.remote.Augmenter extractRemoteWebDriver
WARNING: Augmenter should be applied to the instances of @Augmentable classes or previously augmented instances only (instance class was: class org.openqa.selenium.chrome.ChromeDriver)
Dec 18, 2018 3:17:12 PM org.openqa.selenium.remote.Augmenter extractRemoteWebDriver
WARNING: Augmenter should be applied to the instances of @Augmentable classes or previously augmented instances only (instance class was: class org.openqa.selenium.chrome.ChromeDriver)
Dec 18, 2018 3:17:22 PM org.openqa.selenium.remote.Augmenter extractRemoteWebDriver
WARNING: Augmenter should be applied to the instances of @Augmentable classes or previously augmented instances only (instance class was: class org.openqa.selenium.chrome.ChromeDriver)
Dec 18, 2018 3:17:33 PM org.openqa.selenium.remote.Augmenter extractRemoteWebDriver
WARNING: Augmenter should be applied to the instances of @Augmentable classes or previously augmented instances only (instance class was: class org.openqa.selenium.chrome.ChromeDriver)
Dec 18, 2018 3:17:45 PM org.openqa.selenium.remote.Augmenter extractRemoteWebDriver
WARNING: Augmenter should be applied to the instances of @Augmentable classes or previously augmented instances only (instance class was: class org.openqa.selenium.chrome.ChromeDriver)
Dec 18, 2018 3:17:57 PM org.bridj.BridJ log
INFO: Registering type org.sikuli.util.SysJNA$WinKernel32
Dec 18, 2018 3:17:57 PM org.bridj.BridJ log
INFO: Registering type org.bridj.TimeT
Dec 18, 2018 3:17:57 PM org.bridj.BridJ log
INFO: Registering type org.bridj.TimeT$timeval_customizer
Dec 18, 2018 3:17:57 PM org.bridj.BridJ log
INFO: Registering type org.bridj.StructIO$DefaultCustomizer
Dec 18, 2018 3:17:57 PM org.bridj.BridJ log
INFO: Registering type org.bridj.TimeT$timeval
Dec 18, 2018 3:17:57 PM org.bridj.BridJ log
INFO: Registering type org.bridj.StructObject
Dec 18, 2018 3:17:57 PM org.bridj.BridJ log
INFO: Registering type org.bridj.NativeObject
Dec 18, 2018 3:17:57 PM org.bridj.BridJ log
INFO: Registering type org.bridj.AbstractIntegral
Dec 18, 2018 3:17:57 PM org.bridj.BridJ log
INFO: Registering type java.lang.Number
FindFailed: can not find P(C:/Users/vkolla/eclipse-workspace/Sikuli_SlotImageRepository/enableFlashAllow.PNG) S: 0.7 in S(0)[0,0 1920x1080]
  Line 2189, in file Region.java

	at org.sikuli.script.Region.handleFindFailedShowDialog(Region.java:2189)
	at org.sikuli.script.Region.handleFindFailed(Region.java:2134)
	at org.sikuli.script.Region.wait(Region.java:2546)
	at main.ActionKeywords.enableFlash(ActionKeywords.java:7004)
	at main.ActionKeywords.launchBingoRoom(ActionKeywords.java:6381)
	at sun.reflect.NativeMethodAccessorImpl.invoke0(Native Method)
	at sun.reflect.NativeMethodAccessorImpl.invoke(NativeMethodAccessorImpl.java:62)
	at sun.reflect.DelegatingMethodAccessorImpl.invoke(DelegatingMethodAccessorImpl.java:43)
	at java.lang.reflect.Method.invoke(Method.java:498)
	at main.ActionKeywords.CozyDailyRegression(ActionKeywords.java:2611)
	at sun.reflect.NativeMethodAccessorImpl.invoke0(Native Method)
	at sun.reflect.NativeMethodAccessorImpl.invoke(NativeMethodAccessorImpl.java:62)
	at sun.reflect.DelegatingMethodAccessorImpl.invoke(DelegatingMethodAccessorImpl.java:43)
	at java.lang.reflect.Method.invoke(Method.java:498)
	at org.testng.internal.MethodInvocationHelper.invokeMethod(MethodInvocationHelper.java:80)
	at org.testng.internal.Invoker.invokeMethod(Invoker.java:714)
	at org.testng.internal.Invoker.invokeTestMethod(Invoker.java:901)
	at org.testng.internal.Invoker.invokeTestMethods(Invoker.java:1231)
	at org.testng.internal.TestMethodWorker.invokeTestMethods(TestMethodWorker.java:127)
	at org.testng.internal.TestMethodWorker.run(TestMethodWorker.java:111)
	at org.testng.TestRunner.privateRun(TestRunner.java:767)
	at org.testng.TestRunner.run(TestRunner.java:617)
	at org.testng.SuiteRunner.runTest(SuiteRunner.java:334)
	at org.testng.SuiteRunner.access$000(SuiteRunner.java:37)
	at org.testng.SuiteRunner$SuiteWorker.run(SuiteRunner.java:368)
	at org.testng.internal.thread.ThreadUtil$2.call(ThreadUtil.java:64)
	at java.util.concurrent.FutureTask.run(FutureTask.java:266)
	at java.util.concurrent.ThreadPoolExecutor.runWorker(ThreadPoolExecutor.java:1149)
	at java.util.concurrent.ThreadPoolExecutor$Worker.run(ThreadPoolExecutor.java:624)
	at java.lang.Thread.run(Thread.java:748)
]]></system-err>
  </testcase>
</testsuite>